[2025-03-10 11:19:08.607] [jointLog] [info] setting maxHashResizeThreads to 14
[2025-03-10 11:19:08.607] [jointLog] [info] Fragment incompatibility prior below threshold.  Incompatible fragments will be ignored.
[2025-03-10 11:19:08.607] [jointLog] [info] Usage of --validateMappings implies use of minScoreFraction. Since not explicitly specified, it is being set to 0.65
[2025-03-10 11:19:08.607] [jointLog] [info] Setting consensusSlack to selective-alignment default of 0.35.
[2025-03-10 11:19:08.607] [jointLog] [info] parsing read library format
[2025-03-10 11:19:08.607] [jointLog] [info] There is 1 library.
[2025-03-10 11:19:08.608] [jointLog] [info] Loading pufferfish index
[2025-03-10 11:19:08.608] [jointLog] [info] Loading dense pufferfish index.
[2025-03-10 11:19:08.610] [jointLog] [info] done
[2025-03-10 11:19:08.652] [jointLog] [info] Index contained 15 targets
[2025-03-10 11:19:08.652] [jointLog] [info] Number of decoys : 0
[2025-03-10 11:19:08.714] [jointLog] [info] Computed 26 rich equivalence classes for further processing
[2025-03-10 11:19:08.714] [jointLog] [info] Counted 10,000 total reads in the equivalence classes 
[2025-03-10 11:19:08.715] [jointLog] [info] Number of mappings discarded because of alignment score : 67
[2025-03-10 11:19:08.715] [jointLog] [info] Number of fragments entirely discarded because of alignment score : 0
[2025-03-10 11:19:08.715] [jointLog] [info] Number of fragments discarded because they are best-mapped to decoys : 0
[2025-03-10 11:19:08.715] [jointLog] [info] Number of fragments discarded because they have only dovetail (discordant) mappings to valid targets : 0
[2025-03-10 11:19:08.715] [jointLog] [warning] Only 10000 fragments were mapped, but the number of burn-in fragments was set to 5000000.
The effective lengths have been computed using the observed mappings.

[2025-03-10 11:19:08.715] [jointLog] [info] Mapping rate = 100%

[2025-03-10 11:19:08.715] [jointLog] [info] finished quantifyLibrary()
[2025-03-10 11:19:08.714] [fileLog] [info] 
At end of round 0
==================
Observed 10000 total fragments (10000 in most recent round)

[2025-03-10 11:19:08.716] [jointLog] [info] Starting optimizer
[2025-03-10 11:19:08.716] [jointLog] [info] Marked 0 weighted equivalence classes as degenerate
[2025-03-10 11:19:08.716] [jointLog] [info] iteration = 0 | max rel diff. = 14.87
[2025-03-10 11:19:08.718] [jointLog] [info] iteration = 100 | max rel diff. = 4.84899e-05
[2025-03-10 11:19:08.718] [jointLog] [info] Finished optimizer
[2025-03-10 11:19:08.718] [jointLog] [info] writing output 

